==18495== Memcheck, a memory error detector
==18495== Copyright (C) 2002-2017, and GNU GPL'd, by Julian Seward et al.
==18495== Using Valgrind-3.13.0 and LibVEX; rerun with -h for copyright info
==18495== Command: bin/bourse -p 9999
==18495== Parent PID: 18483
==18495== 
==18495== Syscall param rt_sigaction(act->sa_mask) points to uninitialised byte(s)
==18495==    at 0x4E4E95D: __libc_sigaction (sigaction.c:62)
==18495==    by 0x10A524: main (main.c:52)
==18495==  Address 0x1ffefffb98 is on thread 1's stack
==18495==  in frame #0, created by __libc_sigaction (sigaction.c:47)
==18495== 
==18495== 
==18495== FILE DESCRIPTORS: 8 open at exit.
==18495== Open AF_INET socket 5: 0.0.0.0:9999 <-> unbound
==18495==    at 0x517DEC7: socket (syscall-template.S:78)
==18495==    by 0x10C0C9: open_listenfd (csapp.c:1018)
==18495==    by 0x10C21F: Open_listenfd (csapp.c:1065)
==18495==    by 0x10A533: main (main.c:59)
==18495== 
==18495== Open file descriptor 13: /dev/shm/bxf_arena_18481 (deleted)
==18495==    <inherited from parent>
==18495== 
==18495== Open file descriptor 11: /dev/shm/bxf_arena_18481 (deleted)
==18495==    <inherited from parent>
==18495== 
==18495== Open file descriptor 4:
==18495==    <inherited from parent>
==18495== 
==18495== Open file descriptor 3: /home/student/rahamed/hw5/valgrind.out
==18495==    <inherited from parent>
==18495== 
==18495== Open file descriptor 2: /dev/pts/2
==18495==    <inherited from parent>
==18495== 
==18495== Open file descriptor 1: /dev/pts/2
==18495==    <inherited from parent>
==18495== 
==18495== Open file descriptor 0:
==18495==    <inherited from parent>
==18495== 
==18495== 
==18495== HEAP SUMMARY:
==18495==     in use at exit: 940 bytes in 5 blocks
==18495==   total heap usage: 13 allocs, 8 frees, 8,436 bytes allocated
==18495== 
==18495== 272 bytes in 1 blocks are possibly lost in loss record 4 of 5
==18495==    at 0x4C31B25: calloc (in /usr/lib/valgrind/vgpreload_memcheck-amd64-linux.so)
==18495==    by 0x40134A6: allocate_dtv (dl-tls.c:286)
==18495==    by 0x40134A6: _dl_allocate_tls (dl-tls.c:530)
==18495==    by 0x4E44227: allocate_stack (allocatestack.c:627)
==18495==    by 0x4E44227: pthread_create@@GLIBC_2.2.5 (pthread_create.c:644)
==18495==    by 0x10EB1E: exchange_init (in /home/student/rahamed/hw5/bin/bourse)
==18495==    by 0x10A4EA: main (main.c:41)
==18495== 
==18495== 272 bytes in 1 blocks are possibly lost in loss record 5 of 5
==18495==    at 0x4C31B25: calloc (in /usr/lib/valgrind/vgpreload_memcheck-amd64-linux.so)
==18495==    by 0x40134A6: allocate_dtv (dl-tls.c:286)
==18495==    by 0x40134A6: _dl_allocate_tls (dl-tls.c:530)
==18495==    by 0x4E44227: allocate_stack (allocatestack.c:627)
==18495==    by 0x4E44227: pthread_create@@GLIBC_2.2.5 (pthread_create.c:644)
==18495==    by 0x10B811: Pthread_create (csapp.c:683)
==18495==    by 0x10A5DD: main (main.c:69)
==18495== 
==18495== LEAK SUMMARY:
==18495==    definitely lost: 0 bytes in 0 blocks
==18495==    indirectly lost: 0 bytes in 0 blocks
==18495==      possibly lost: 544 bytes in 2 blocks
==18495==    still reachable: 396 bytes in 3 blocks
==18495==         suppressed: 0 bytes in 0 blocks
==18495== Reachable blocks (those to which a pointer was found) are not shown.
==18495== To see them, rerun with: --leak-check=full --show-leak-kinds=all
==18495== 
==18495== For counts of detected and suppressed errors, rerun with: -v
==18495== Use --track-origins=yes to see where uninitialised values come from
==18495== ERROR SUMMARY: 3 errors from 3 contexts (suppressed: 0 from 0)
